0 info it worked if it ends with ok
1 verbose cli [ '/usr/bin/node',
1 verbose cli   '/usr/bin/npm',
1 verbose cli   'install',
1 verbose cli   'recursive-readdir' ]
2 info using npm@1.4.28
3 info using node@v0.10.33
4 verbose node symlink /usr/bin/node
5 warn package.json twyst@0.0.1 No repository field.
6 warn package.json package.json@0.0.0 No repository field.
7 verbose readDependencies using package.json deps
8 verbose cache add [ 'recursive-readdir', null ]
9 verbose cache add name=undefined spec="recursive-readdir" args=["recursive-readdir",null]
10 verbose parsed url { protocol: null,
10 verbose parsed url   slashes: null,
10 verbose parsed url   auth: null,
10 verbose parsed url   host: null,
10 verbose parsed url   port: null,
10 verbose parsed url   hostname: null,
10 verbose parsed url   hash: null,
10 verbose parsed url   search: null,
10 verbose parsed url   query: null,
10 verbose parsed url   pathname: 'recursive-readdir',
10 verbose parsed url   path: 'recursive-readdir',
10 verbose parsed url   href: 'recursive-readdir' }
11 silly lockFile b32071dc-recursive-readdir recursive-readdir
12 verbose lock recursive-readdir /home/rishi/.npm/b32071dc-recursive-readdir.lock
13 silly lockFile b32071dc-recursive-readdir recursive-readdir
14 silly lockFile b32071dc-recursive-readdir recursive-readdir
15 verbose addNamed [ 'recursive-readdir', '' ]
16 verbose addNamed [ null, '*' ]
17 silly lockFile c36a4a6c-recursive-readdir recursive-readdir@
18 verbose lock recursive-readdir@ /home/rishi/.npm/c36a4a6c-recursive-readdir.lock
19 silly addNameRange { name: 'recursive-readdir', range: '*', hasData: false }
20 verbose request where is /recursive-readdir
21 verbose request registry http://registry.npmjs.org/
22 verbose request id 52eb80f709513ece
23 verbose url raw /recursive-readdir
24 verbose url resolving [ 'http://registry.npmjs.org/', './recursive-readdir' ]
25 verbose url resolved http://registry.npmjs.org/recursive-readdir
26 verbose request where is http://registry.npmjs.org/recursive-readdir
27 info trying registry request attempt 1 at 17:28:02
28 verbose etag "5VFLZIH5K53IGRE9TX6VOXMEU"
29 http GET http://registry.npmjs.org/recursive-readdir
30 http 200 http://registry.npmjs.org/recursive-readdir
31 silly registry.get cb [ 200,
31 silly registry.get   { server: 'CouchDB/1.5.0 (Erlang OTP/R14B04)',
31 silly registry.get     etag: '"9WMFNIQW8XEKG124ZX5BX1B3B"',
31 silly registry.get     'content-type': 'application/json',
31 silly registry.get     'cache-control': 'max-age=60',
31 silly registry.get     'content-length': '10013',
31 silly registry.get     'accept-ranges': 'bytes',
31 silly registry.get     date: 'Mon, 10 Nov 2014 11:58:20 GMT',
31 silly registry.get     via: '1.1 varnish',
31 silly registry.get     age: '0',
31 silly registry.get     connection: 'keep-alive',
31 silly registry.get     'x-served-by': 'cache-lax1420-LAX',
31 silly registry.get     'x-cache': 'HIT',
31 silly registry.get     'x-cache-hits': '1',
31 silly registry.get     'x-timer': 'S1415620700.033038,VS0,VE176',
31 silly registry.get     vary: 'Accept' } ]
32 silly addNameRange number 2 { name: 'recursive-readdir', range: '*', hasData: true }
33 silly addNameRange versions [ 'recursive-readdir',
33 silly addNameRange   [ '0.0.1',
33 silly addNameRange     '0.0.2',
33 silly addNameRange     '1.0.0',
33 silly addNameRange     '1.1.0',
33 silly addNameRange     '1.1.1',
33 silly addNameRange     '1.1.2',
33 silly addNameRange     '1.1.3',
33 silly addNameRange     '1.2.0' ] ]
34 verbose addNamed [ 'recursive-readdir', '1.2.0' ]
35 verbose addNamed [ '1.2.0', '1.2.0' ]
36 silly lockFile a6673241-recursive-readdir-1-2-0 recursive-readdir@1.2.0
37 verbose lock recursive-readdir@1.2.0 /home/rishi/.npm/a6673241-recursive-readdir-1-2-0.lock
38 silly lockFile 85550eb7-ddir-recursive-readdir-1-2-0-tgz http://registry.npmjs.org/recursive-readdir/-/recursive-readdir-1.2.0.tgz
39 verbose lock http://registry.npmjs.org/recursive-readdir/-/recursive-readdir-1.2.0.tgz /home/rishi/.npm/85550eb7-ddir-recursive-readdir-1-2-0-tgz.lock
40 verbose addRemoteTarball [ 'http://registry.npmjs.org/recursive-readdir/-/recursive-readdir-1.2.0.tgz',
40 verbose addRemoteTarball   '9696a8ace3ccf5658e571c2ffee0abc3a94aa546' ]
41 info retry fetch attempt 1 at 17:28:08
42 verbose fetch to= /tmp/npm-25046-v2ENSKd8/registry.npmjs.org/recursive-readdir/-/recursive-readdir-1.2.0.tgz
43 http GET http://registry.npmjs.org/recursive-readdir/-/recursive-readdir-1.2.0.tgz
44 http 200 http://registry.npmjs.org/recursive-readdir/-/recursive-readdir-1.2.0.tgz
45 silly lockFile 85550eb7-ddir-recursive-readdir-1-2-0-tgz http://registry.npmjs.org/recursive-readdir/-/recursive-readdir-1.2.0.tgz
46 silly lockFile 85550eb7-ddir-recursive-readdir-1-2-0-tgz http://registry.npmjs.org/recursive-readdir/-/recursive-readdir-1.2.0.tgz
47 silly lockFile a6673241-recursive-readdir-1-2-0 recursive-readdir@1.2.0
48 silly lockFile a6673241-recursive-readdir-1-2-0 recursive-readdir@1.2.0
49 silly lockFile c36a4a6c-recursive-readdir recursive-readdir@
50 silly lockFile c36a4a6c-recursive-readdir recursive-readdir@
51 error Error: EACCES, mkdir '/home/rishi/.npm/recursive-readdir/1.2.0'
51 error  { [Error: EACCES, mkdir '/home/rishi/.npm/recursive-readdir/1.2.0']
51 error   errno: 3,
51 error   code: 'EACCES',
51 error   path: '/home/rishi/.npm/recursive-readdir/1.2.0',
51 error   parent: 'twyst' }
52 error Please try running this command again as root/Administrator.
53 error System Linux 3.2.0-69-generic
54 error command "/usr/bin/node" "/usr/bin/npm" "install" "recursive-readdir"
55 error cwd /home/rishi/Desktop/Twyst/Twyst-Server/jobs
56 error node -v v0.10.33
57 error npm -v 1.4.28
58 error path /home/rishi/.npm/recursive-readdir/1.2.0
59 error code EACCES
60 error errno 3
61 error stack Error: EACCES, mkdir '/home/rishi/.npm/recursive-readdir/1.2.0'
62 verbose exit [ 3, true ]
